<?xml version="1.0" encoding="UTF-8"?>
<!-- Generated by org.testng.reporters.JUnitReportReporter -->
<testsuite hostname="DESKTOP-69UFTNG" failures="0" tests="6" name="MainTest" time="9.439" errors="0" timestamp="2024-04-16T11:08:12 OMST" skipped="0">
  <testcase classname="MainTest" name="testGetNotFoundPet" time="0.887"/>
  <testcase classname="MainTest" name="testPut" time="1.356"/>
  <testcase classname="MainTest" name="testDeleteRequestError" time="0.908"/>
  <testcase classname="MainTest" name="testPutRequest" time="0.896"/>
  <testcase classname="MainTest" name="test1" time="4.495"/>
  <testcase classname="MainTest" name="testGet" time="0.897"/>
</testsuite> <!-- MainTest -->
